[0.087s] DEBUG:colcon:Command line arguments: ['/usr/bin/colcon', 'build', '--packages-select', 'my_robot_controller']
[0.087s] DEBUG:colcon:Parsed command line arguments: Namespace(log_base=None, log_level=None, verb_name='build', build_base='build', install_base='install', merge_install=False, symlink_install=False, test_result_base=None, continue_on_error=False, executor='parallel', parallel_workers=2, event_handlers=None, ignore_user_meta=False, metas=['./colcon.meta'], base_paths=['.'], packages_ignore=None, packages_ignore_regex=None, paths=None, packages_up_to=None, packages_up_to_regex=None, packages_above=None, packages_above_and_dependencies=None, packages_above_depth=None, packages_select_by_dep=None, packages_skip_by_dep=None, packages_skip_up_to=None, packages_select_build_failed=False, packages_skip_build_finished=False, packages_select_test_failures=False, packages_skip_test_passed=False, packages_select=['my_robot_controller'], packages_skip=None, packages_select_regex=None, packages_skip_regex=None, packages_start=None, packages_end=None, allow_overriding=[], cmake_args=None, cmake_target=None, cmake_target_skip_unavailable=False, cmake_clean_cache=False, cmake_clean_first=False, cmake_force_configure=False, ament_cmake_args=None, catkin_cmake_args=None, catkin_skip_building_tests=False, mixin_files=None, mixin=None, verb_parser=<colcon_mixin.mixin.mixin_argument.MixinArgumentDecorator object at 0x79f1c2062f80>, verb_extension=<colcon_core.verb.build.BuildVerb object at 0x79f1c20628f0>, main=<bound method BuildVerb.main of <colcon_core.verb.build.BuildVerb object at 0x79f1c20628f0>>, mixin_verb=('build',))
[0.204s] Level 1:colcon.colcon_core.package_discovery:discover_packages(colcon_meta) check parameters
[0.205s] Level 1:colcon.colcon_core.package_discovery:discover_packages(recursive) check parameters
[0.205s] Level 1:colcon.colcon_core.package_discovery:discover_packages(ignore) check parameters
[0.205s] Level 1:colcon.colcon_core.package_discovery:discover_packages(path) check parameters
[0.205s] Level 1:colcon.colcon_core.package_discovery:discover_packages(colcon_meta) discover
[0.205s] Level 1:colcon.colcon_core.package_discovery:discover_packages(recursive) discover
[0.205s] INFO:colcon.colcon_core.package_discovery:Crawling recursively for packages in '/home/lacina/Last_ros'
[0.205s] Level 1:colcon.colcon_core.package_identification:_identify(.) by extensions ['ignore', 'ignore_ament_install']
[0.205s] Level 1:colcon.colcon_core.package_identification:_identify(.) by extension 'ignore'
[0.205s] Level 1:colcon.colcon_core.package_identification:_identify(.) by extension 'ignore_ament_install'
[0.205s] Level 1:colcon.colcon_core.package_identification:_identify(.) by extensions ['colcon_pkg']
[0.205s] Level 1:colcon.colcon_core.package_identification:_identify(.) by extension 'colcon_pkg'
[0.205s] Level 1:colcon.colcon_core.package_identification:_identify(.) by extensions ['colcon_meta']
[0.205s] Level 1:colcon.colcon_core.package_identification:_identify(.) by extension 'colcon_meta'
[0.205s] Level 1:colcon.colcon_core.package_identification:_identify(.) by extensions ['ros']
[0.205s] Level 1:colcon.colcon_core.package_identification:_identify(.) by extension 'ros'
[0.212s] Level 1:colcon.colcon_core.package_identification:_identify(.) by extensions ['cmake', 'python']
[0.212s] Level 1:colcon.colcon_core.package_identification:_identify(.) by extension 'cmake'
[0.212s] Level 1:colcon.colcon_core.package_identification:_identify(.) by extension 'python'
[0.212s] Level 1:colcon.colcon_core.package_identification:_identify(.) by extensions ['python_setup_py']
[0.212s] Level 1:colcon.colcon_core.package_identification:_identify(.) by extension 'python_setup_py'
[0.212s] Level 1:colcon.colcon_core.package_identification:_identify(build) by extensions ['ignore', 'ignore_ament_install']
[0.212s] Level 1:colcon.colcon_core.package_identification:_identify(build) by extension 'ignore'
[0.212s] Level 1:colcon.colcon_core.package_identification:_identify(build) ignored
[0.212s] Level 1:colcon.colcon_core.package_identification:_identify(install) by extensions ['ignore', 'ignore_ament_install']
[0.212s] Level 1:colcon.colcon_core.package_identification:_identify(install) by extension 'ignore'
[0.212s] Level 1:colcon.colcon_core.package_identification:_identify(install) ignored
[0.213s] Level 1:colcon.colcon_core.package_identification:_identify(log) by extensions ['ignore', 'ignore_ament_install']
[0.213s] Level 1:colcon.colcon_core.package_identification:_identify(log) by extension 'ignore'
[0.213s] Level 1:colcon.colcon_core.package_identification:_identify(log) ignored
[0.214s] Level 1:colcon.colcon_core.package_identification:_identify(maps) by extensions ['ignore', 'ignore_ament_install']
[0.214s] Level 1:colcon.colcon_core.package_identification:_identify(maps) by extension 'ignore'
[0.214s] Level 1:colcon.colcon_core.package_identification:_identify(maps) by extension 'ignore_ament_install'
[0.214s] Level 1:colcon.colcon_core.package_identification:_identify(maps) by extensions ['colcon_pkg']
[0.214s] Level 1:colcon.colcon_core.package_identification:_identify(maps) by extension 'colcon_pkg'
[0.214s] Level 1:colcon.colcon_core.package_identification:_identify(maps) by extensions ['colcon_meta']
[0.214s] Level 1:colcon.colcon_core.package_identification:_identify(maps) by extension 'colcon_meta'
[0.214s] Level 1:colcon.colcon_core.package_identification:_identify(maps) by extensions ['ros']
[0.214s] Level 1:colcon.colcon_core.package_identification:_identify(maps) by extension 'ros'
[0.214s] Level 1:colcon.colcon_core.package_identification:_identify(maps) by extensions ['cmake', 'python']
[0.214s] Level 1:colcon.colcon_core.package_identification:_identify(maps) by extension 'cmake'
[0.214s] Level 1:colcon.colcon_core.package_identification:_identify(maps) by extension 'python'
[0.214s] Level 1:colcon.colcon_core.package_identification:_identify(maps) by extensions ['python_setup_py']
[0.214s] Level 1:colcon.colcon_core.package_identification:_identify(maps) by extension 'python_setup_py'
[0.215s] Level 1:colcon.colcon_core.package_identification:_identify(src) by extensions ['ignore', 'ignore_ament_install']
[0.215s] Level 1:colcon.colcon_core.package_identification:_identify(src) by extension 'ignore'
[0.215s] Level 1:colcon.colcon_core.package_identification:_identify(src) by extension 'ignore_ament_install'
[0.215s] Level 1:colcon.colcon_core.package_identification:_identify(src) by extensions ['colcon_pkg']
[0.215s] Level 1:colcon.colcon_core.package_identification:_identify(src) by extension 'colcon_pkg'
[0.215s] Level 1:colcon.colcon_core.package_identification:_identify(src) by extensions ['colcon_meta']
[0.215s] Level 1:colcon.colcon_core.package_identification:_identify(src) by extension 'colcon_meta'
[0.215s] Level 1:colcon.colcon_core.package_identification:_identify(src) by extensions ['ros']
[0.215s] Level 1:colcon.colcon_core.package_identification:_identify(src) by extension 'ros'
[0.215s] Level 1:colcon.colcon_core.package_identification:_identify(src) by extensions ['cmake', 'python']
[0.215s] Level 1:colcon.colcon_core.package_identification:_identify(src) by extension 'cmake'
[0.215s] Level 1:colcon.colcon_core.package_identification:_identify(src) by extension 'python'
[0.215s] Level 1:colcon.colcon_core.package_identification:_identify(src) by extensions ['python_setup_py']
[0.215s] Level 1:colcon.colcon_core.package_identification:_identify(src) by extension 'python_setup_py'
[0.215s] Level 1:colcon.colcon_core.package_identification:_identify(src/my_robot_controller) by extensions ['ignore', 'ignore_ament_install']
[0.215s] Level 1:colcon.colcon_core.package_identification:_identify(src/my_robot_controller) by extension 'ignore'
[0.215s] Level 1:colcon.colcon_core.package_identification:_identify(src/my_robot_controller) by extension 'ignore_ament_install'
[0.215s] Level 1:colcon.colcon_core.package_identification:_identify(src/my_robot_controller) by extensions ['colcon_pkg']
[0.215s] Level 1:colcon.colcon_core.package_identification:_identify(src/my_robot_controller) by extension 'colcon_pkg'
[0.215s] Level 1:colcon.colcon_core.package_identification:_identify(src/my_robot_controller) by extensions ['colcon_meta']
[0.215s] Level 1:colcon.colcon_core.package_identification:_identify(src/my_robot_controller) by extension 'colcon_meta'
[0.215s] Level 1:colcon.colcon_core.package_identification:_identify(src/my_robot_controller) by extensions ['ros']
[0.215s] Level 1:colcon.colcon_core.package_identification:_identify(src/my_robot_controller) by extension 'ros'
[0.217s] DEBUG:colcon.colcon_core.package_identification:Package 'src/my_robot_controller' with type 'ros.ament_cmake' and name 'my_robot_controller'
[0.217s] Level 1:colcon.colcon_core.package_discovery:discover_packages(recursive) using defaults
[0.217s] Level 1:colcon.colcon_core.package_discovery:discover_packages(ignore) discover
[0.217s] Level 1:colcon.colcon_core.package_discovery:discover_packages(ignore) using defaults
[0.217s] Level 1:colcon.colcon_core.package_discovery:discover_packages(path) discover
[0.217s] Level 1:colcon.colcon_core.package_discovery:discover_packages(path) using defaults
[0.236s] Level 1:colcon.colcon_core.package_discovery:discover_packages(prefix_path) check parameters
[0.236s] Level 1:colcon.colcon_core.package_discovery:discover_packages(prefix_path) discover
[0.239s] DEBUG:colcon.colcon_installed_package_information.package_discovery:Found 1 installed packages in /home/lacina/Last_ros/install
[0.240s] DEBUG:colcon.colcon_installed_package_information.package_discovery:Found 431 installed packages in /opt/ros/humble
[0.241s] Level 1:colcon.colcon_core.package_discovery:discover_packages(prefix_path) using defaults
[0.275s] Level 5:colcon.colcon_core.verb:set package 'my_robot_controller' build argument 'cmake_args' from command line to 'None'
[0.275s] Level 5:colcon.colcon_core.verb:set package 'my_robot_controller' build argument 'cmake_target' from command line to 'None'
[0.275s] Level 5:colcon.colcon_core.verb:set package 'my_robot_controller' build argument 'cmake_target_skip_unavailable' from command line to 'False'
[0.275s] Level 5:colcon.colcon_core.verb:set package 'my_robot_controller' build argument 'cmake_clean_cache' from command line to 'False'
[0.275s] Level 5:colcon.colcon_core.verb:set package 'my_robot_controller' build argument 'cmake_clean_first' from command line to 'False'
[0.275s] Level 5:colcon.colcon_core.verb:set package 'my_robot_controller' build argument 'cmake_force_configure' from command line to 'False'
[0.275s] Level 5:colcon.colcon_core.verb:set package 'my_robot_controller' build argument 'ament_cmake_args' from command line to 'None'
[0.275s] Level 5:colcon.colcon_core.verb:set package 'my_robot_controller' build argument 'catkin_cmake_args' from command line to 'None'
[0.275s] Level 5:colcon.colcon_core.verb:set package 'my_robot_controller' build argument 'catkin_skip_building_tests' from command line to 'False'
[0.275s] DEBUG:colcon.colcon_core.verb:Building package 'my_robot_controller' with the following arguments: {'ament_cmake_args': None, 'build_base': '/home/lacina/Last_ros/build/my_robot_controller', 'catkin_cmake_args': None, 'catkin_skip_building_tests': False, 'cmake_args': None, 'cmake_clean_cache': False, 'cmake_clean_first': False, 'cmake_force_configure': False, 'cmake_target': None, 'cmake_target_skip_unavailable': False, 'install_base': '/home/lacina/Last_ros/install/my_robot_controller', 'merge_install': False, 'path': '/home/lacina/Last_ros/src/my_robot_controller', 'symlink_install': False, 'test_result_base': None}
[0.276s] INFO:colcon.colcon_core.executor:Executing jobs using 'parallel' executor
[0.276s] DEBUG:colcon.colcon_parallel_executor.executor.parallel:run_until_complete
[0.277s] INFO:colcon.colcon_ros.task.ament_cmake.build:Building ROS package in '/home/lacina/Last_ros/src/my_robot_controller' with build type 'ament_cmake'
[0.277s] INFO:colcon.colcon_cmake.task.cmake.build:Building CMake package in '/home/lacina/Last_ros/src/my_robot_controller'
[0.280s] INFO:colcon.colcon_core.plugin_system:Skipping extension 'colcon_core.shell.bat': Not used on non-Windows systems
[0.280s] INFO:colcon.colcon_core.shell:Skip shell extension 'powershell' for command environment: Not usable outside of PowerShell
[0.280s] DEBUG:colcon.colcon_core.shell:Skip shell extension 'dsv' for command environment
[0.291s] DEBUG:colcon.colcon_core.event_handler.log_command:Invoking command in '/home/lacina/Last_ros/build/my_robot_controller': CMAKE_PREFIX_PATH=${CMAKE_PREFIX_PATH}:/opt/ros/humble /usr/bin/cmake --build /home/lacina/Last_ros/build/my_robot_controller -- -j2 -l2
[0.332s] DEBUG:colcon.colcon_core.event_handler.log_command:Invoked command in '/home/lacina/Last_ros/build/my_robot_controller' returned '0': CMAKE_PREFIX_PATH=${CMAKE_PREFIX_PATH}:/opt/ros/humble /usr/bin/cmake --build /home/lacina/Last_ros/build/my_robot_controller -- -j2 -l2
[0.343s] DEBUG:colcon.colcon_core.event_handler.log_command:Invoking command in '/home/lacina/Last_ros/build/my_robot_controller': CMAKE_PREFIX_PATH=${CMAKE_PREFIX_PATH}:/opt/ros/humble /usr/bin/cmake --install /home/lacina/Last_ros/build/my_robot_controller
[0.351s] Level 1:colcon.colcon_core.environment:create_environment_scripts_only(my_robot_controller)
[0.351s] DEBUG:colcon.colcon_core.event_handler.log_command:Invoked command in '/home/lacina/Last_ros/build/my_robot_controller' returned '0': CMAKE_PREFIX_PATH=${CMAKE_PREFIX_PATH}:/opt/ros/humble /usr/bin/cmake --install /home/lacina/Last_ros/build/my_robot_controller
[0.356s] Level 1:colcon.colcon_core.environment:checking '/home/lacina/Last_ros/install/my_robot_controller' for CMake module files
[0.356s] Level 1:colcon.colcon_core.environment:checking '/home/lacina/Last_ros/install/my_robot_controller' for CMake config files
[0.357s] Level 1:colcon.colcon_core.shell:create_environment_hook('my_robot_controller', 'cmake_prefix_path')
[0.357s] INFO:colcon.colcon_core.shell:Creating environment hook '/home/lacina/Last_ros/install/my_robot_controller/share/my_robot_controller/hook/cmake_prefix_path.ps1'
[0.358s] INFO:colcon.colcon_core.shell:Creating environment descriptor '/home/lacina/Last_ros/install/my_robot_controller/share/my_robot_controller/hook/cmake_prefix_path.dsv'
[0.358s] INFO:colcon.colcon_core.shell:Creating environment hook '/home/lacina/Last_ros/install/my_robot_controller/share/my_robot_controller/hook/cmake_prefix_path.sh'
[0.359s] Level 1:colcon.colcon_core.environment:checking '/home/lacina/Last_ros/install/my_robot_controller/lib'
[0.359s] Level 1:colcon.colcon_core.environment:checking '/home/lacina/Last_ros/install/my_robot_controller/bin'
[0.359s] Level 1:colcon.colcon_core.environment:checking '/home/lacina/Last_ros/install/my_robot_controller/lib/pkgconfig/my_robot_controller.pc'
[0.359s] Level 1:colcon.colcon_core.environment:checking '/home/lacina/Last_ros/install/my_robot_controller/lib/python3.10/site-packages'
[0.360s] Level 1:colcon.colcon_core.environment:checking '/home/lacina/Last_ros/install/my_robot_controller/bin'
[0.360s] INFO:colcon.colcon_core.shell:Creating package script '/home/lacina/Last_ros/install/my_robot_controller/share/my_robot_controller/package.ps1'
[0.361s] INFO:colcon.colcon_core.shell:Creating package descriptor '/home/lacina/Last_ros/install/my_robot_controller/share/my_robot_controller/package.dsv'
[0.361s] INFO:colcon.colcon_core.shell:Creating package script '/home/lacina/Last_ros/install/my_robot_controller/share/my_robot_controller/package.sh'
[0.362s] INFO:colcon.colcon_core.shell:Creating package script '/home/lacina/Last_ros/install/my_robot_controller/share/my_robot_controller/package.bash'
[0.363s] INFO:colcon.colcon_core.shell:Creating package script '/home/lacina/Last_ros/install/my_robot_controller/share/my_robot_controller/package.zsh'
[0.364s] Level 1:colcon.colcon_core.environment:create_file_with_runtime_dependencies(/home/lacina/Last_ros/install/my_robot_controller/share/colcon-core/packages/my_robot_controller)
[0.364s] Level 1:colcon.colcon_core.environment:create_environment_scripts_only(my_robot_controller)
[0.364s] Level 1:colcon.colcon_core.environment:checking '/home/lacina/Last_ros/install/my_robot_controller' for CMake module files
[0.365s] Level 1:colcon.colcon_core.environment:checking '/home/lacina/Last_ros/install/my_robot_controller' for CMake config files
[0.365s] Level 1:colcon.colcon_core.shell:create_environment_hook('my_robot_controller', 'cmake_prefix_path')
[0.366s] INFO:colcon.colcon_core.shell:Creating environment hook '/home/lacina/Last_ros/install/my_robot_controller/share/my_robot_controller/hook/cmake_prefix_path.ps1'
[0.366s] INFO:colcon.colcon_core.shell:Creating environment descriptor '/home/lacina/Last_ros/install/my_robot_controller/share/my_robot_controller/hook/cmake_prefix_path.dsv'
[0.366s] INFO:colcon.colcon_core.shell:Creating environment hook '/home/lacina/Last_ros/install/my_robot_controller/share/my_robot_controller/hook/cmake_prefix_path.sh'
[0.368s] Level 1:colcon.colcon_core.environment:checking '/home/lacina/Last_ros/install/my_robot_controller/lib'
[0.368s] Level 1:colcon.colcon_core.environment:checking '/home/lacina/Last_ros/install/my_robot_controller/bin'
[0.368s] Level 1:colcon.colcon_core.environment:checking '/home/lacina/Last_ros/install/my_robot_controller/lib/pkgconfig/my_robot_controller.pc'
[0.368s] Level 1:colcon.colcon_core.environment:checking '/home/lacina/Last_ros/install/my_robot_controller/lib/python3.10/site-packages'
[0.368s] Level 1:colcon.colcon_core.environment:checking '/home/lacina/Last_ros/install/my_robot_controller/bin'
[0.368s] INFO:colcon.colcon_core.shell:Creating package script '/home/lacina/Last_ros/install/my_robot_controller/share/my_robot_controller/package.ps1'
[0.370s] INFO:colcon.colcon_core.shell:Creating package descriptor '/home/lacina/Last_ros/install/my_robot_controller/share/my_robot_controller/package.dsv'
[0.370s] INFO:colcon.colcon_core.shell:Creating package script '/home/lacina/Last_ros/install/my_robot_controller/share/my_robot_controller/package.sh'
[0.371s] INFO:colcon.colcon_core.shell:Creating package script '/home/lacina/Last_ros/install/my_robot_controller/share/my_robot_controller/package.bash'
[0.371s] INFO:colcon.colcon_core.shell:Creating package script '/home/lacina/Last_ros/install/my_robot_controller/share/my_robot_controller/package.zsh'
[0.371s] Level 1:colcon.colcon_core.environment:create_file_with_runtime_dependencies(/home/lacina/Last_ros/install/my_robot_controller/share/colcon-core/packages/my_robot_controller)
[0.372s] DEBUG:colcon.colcon_parallel_executor.executor.parallel:closing loop
[0.372s] DEBUG:colcon.colcon_parallel_executor.executor.parallel:loop closed
[0.372s] DEBUG:colcon.colcon_parallel_executor.executor.parallel:run_until_complete finished with '0'
[0.372s] DEBUG:colcon.colcon_core.event_reactor:joining thread
[0.377s] INFO:colcon.colcon_core.plugin_system:Skipping extension 'colcon_notification.desktop_notification.terminal_notifier': Not used on non-Darwin systems
[0.377s] INFO:colcon.colcon_core.plugin_system:Skipping extension 'colcon_notification.desktop_notification.win32': Not used on non-Windows systems
[0.377s] INFO:colcon.colcon_notification.desktop_notification:Sending desktop notification using 'notify2'
[0.391s] DEBUG:colcon.colcon_core.event_reactor:joined thread
[0.391s] INFO:colcon.colcon_core.shell:Creating prefix script '/home/lacina/Last_ros/install/local_setup.ps1'
[0.392s] INFO:colcon.colcon_core.shell:Creating prefix util module '/home/lacina/Last_ros/install/_local_setup_util_ps1.py'
[0.394s] INFO:colcon.colcon_core.shell:Creating prefix chain script '/home/lacina/Last_ros/install/setup.ps1'
[0.395s] INFO:colcon.colcon_core.shell:Creating prefix script '/home/lacina/Last_ros/install/local_setup.sh'
[0.396s] INFO:colcon.colcon_core.shell:Creating prefix util module '/home/lacina/Last_ros/install/_local_setup_util_sh.py'
[0.396s] INFO:colcon.colcon_core.shell:Creating prefix chain script '/home/lacina/Last_ros/install/setup.sh'
[0.397s] INFO:colcon.colcon_core.shell:Creating prefix script '/home/lacina/Last_ros/install/local_setup.bash'
[0.398s] INFO:colcon.colcon_core.shell:Creating prefix chain script '/home/lacina/Last_ros/install/setup.bash'
[0.399s] INFO:colcon.colcon_core.shell:Creating prefix script '/home/lacina/Last_ros/install/local_setup.zsh'
[0.400s] INFO:colcon.colcon_core.shell:Creating prefix chain script '/home/lacina/Last_ros/install/setup.zsh'
