[0.008s] Invoking command in '/home/lacina/Last_ros/build/my_robot_controller': CMAKE_PREFIX_PATH=${CMAKE_PREFIX_PATH}:/opt/ros/humble /usr/bin/cmake --build /home/lacina/Last_ros/build/my_robot_controller -- -j2 -l2
[0.039s] Invoked command in '/home/lacina/Last_ros/build/my_robot_controller' returned '0': CMAKE_PREFIX_PATH=${CMAKE_PREFIX_PATH}:/opt/ros/humble /usr/bin/cmake --build /home/lacina/Last_ros/build/my_robot_controller -- -j2 -l2
[0.047s] Invoking command in '/home/lacina/Last_ros/build/my_robot_controller': CMAKE_PREFIX_PATH=${CMAKE_PREFIX_PATH}:/opt/ros/humble /usr/bin/cmake --install /home/lacina/Last_ros/build/my_robot_controller
[0.052s] -- Install configuration: ""
[0.052s] -- Up-to-date: /home/lacina/Last_ros/install/my_robot_controller/share/my_robot_controller/description
[0.052s] -- Up-to-date: /home/lacina/Last_ros/install/my_robot_controller/share/my_robot_controller/description/robot.urdf.xacro
[0.052s] -- Up-to-date: /home/lacina/Last_ros/install/my_robot_controller/share/my_robot_controller/launch
[0.052s] -- Installing: /home/lacina/Last_ros/install/my_robot_controller/share/my_robot_controller/launch/launch_navigation.launch.py
[0.052s] -- Up-to-date: /home/lacina/Last_ros/install/my_robot_controller/share/my_robot_controller/launch/launch_sim.launch.py
[0.052s] -- Up-to-date: /home/lacina/Last_ros/install/my_robot_controller/share/my_robot_controller/launch/launch_slam.launch.py
[0.052s] -- Up-to-date: /home/lacina/Last_ros/install/my_robot_controller/share/my_robot_controller/config
[0.052s] -- Up-to-date: /home/lacina/Last_ros/install/my_robot_controller/share/my_robot_controller/config/my_controllers.yaml
[0.052s] -- Up-to-date: /home/lacina/Last_ros/install/my_robot_controller/share/my_robot_controller/config/mapper_params_online_async.yaml
[0.052s] -- Up-to-date: /home/lacina/Last_ros/install/my_robot_controller/share/my_robot_controller/config/nav2_params.yaml
[0.052s] -- Up-to-date: /home/lacina/Last_ros/install/my_robot_controller/share/my_robot_controller/rviz
[0.053s] -- Up-to-date: /home/lacina/Last_ros/install/my_robot_controller/share/my_robot_controller/rviz/slam_view.rviz
[0.054s] -- Up-to-date: /home/lacina/Last_ros/install/my_robot_controller/share/my_robot_controller/rviz/robot_view.rviz
[0.054s] -- Up-to-date: /home/lacina/Last_ros/install/my_robot_controller/share/my_robot_controller/rviz/nav2_view.rviz
[0.054s] -- Up-to-date: /home/lacina/Last_ros/install/my_robot_controller/share/my_robot_controller/web_interface
[0.054s] -- Up-to-date: /home/lacina/Last_ros/install/my_robot_controller/share/my_robot_controller/web_interface/nav2_web_interface.py
[0.054s] -- Up-to-date: /home/lacina/Last_ros/install/my_robot_controller/share/my_robot_controller/web_interface/templates
[0.054s] -- Up-to-date: /home/lacina/Last_ros/install/my_robot_controller/share/my_robot_controller/web_interface/templates/control_interface.html
[0.054s] -- Up-to-date: /home/lacina/Last_ros/install/my_robot_controller/share/my_robot_controller/web_interface/static
[0.054s] -- Up-to-date: /home/lacina/Last_ros/install/my_robot_controller/share/my_robot_controller/web_interface/web_control_interface.py
[0.055s] -- Up-to-date: /home/lacina/Last_ros/install/my_robot_controller/share/my_robot_controller/web_interface/nav2_hospital_interface.py
[0.055s] -- Up-to-date: /home/lacina/Last_ros/install/my_robot_controller/share/my_robot_controller/worlds
[0.055s] -- Up-to-date: /home/lacina/Last_ros/install/my_robot_controller/share/my_robot_controller/worlds/hospital_world.world
[0.055s] -- Up-to-date: /home/lacina/Last_ros/install/my_robot_controller/share/my_robot_controller/scripts
[0.055s] -- Up-to-date: /home/lacina/Last_ros/install/my_robot_controller/share/my_robot_controller/scripts/save_map.sh
[0.055s] -- Up-to-date: /home/lacina/Last_ros/install/my_robot_controller/lib/my_robot_controller/web_control_interface.py
[0.055s] [31mCMake Error at cmake_install.cmake:58 (file):
[0.055s]   file INSTALL cannot find
[0.055s]   "/home/lacina/Last_ros/src/my_robot_controller/nav2_web_interface/nav2_hospital_interface.py":
[0.055s]   No such file or directory.
[0.055s] 
[0.055s] [0m
[0.056s] Invoked command in '/home/lacina/Last_ros/build/my_robot_controller' returned '1': CMAKE_PREFIX_PATH=${CMAKE_PREFIX_PATH}:/opt/ros/humble /usr/bin/cmake --install /home/lacina/Last_ros/build/my_robot_controller
