[0.010s] Invoking command in '/home/lacina/Last_ros/build/my_robot_controller': CMAKE_PREFIX_PATH=${CMAKE_PREFIX_PATH}:/opt/ros/humble /usr/bin/cmake /home/lacina/Last_ros/src/my_robot_controller -DCMAKE_INSTALL_PREFIX=/home/lacina/Last_ros/install/my_robot_controller
[0.162s] -- The C compiler identification is GNU 11.4.0
[0.281s] -- The CXX compiler identification is GNU 11.4.0
[0.291s] -- Detecting C compiler ABI info
[0.366s] -- Detecting C compiler ABI info - done
[0.372s] -- Check for working C compiler: /usr/bin/cc - skipped
[0.373s] -- Detecting C compile features
[0.374s] -- Detecting C compile features - done
[0.377s] -- Detecting CXX compiler ABI info
[0.466s] -- Detecting CXX compiler ABI info - done
[0.470s] -- Check for working CXX compiler: /usr/bin/c++ - skipped
[0.471s] -- Detecting CXX compile features
[0.471s] -- Detecting CXX compile features - done
[0.490s] -- Found ament_cmake: 1.3.12 (/opt/ros/humble/share/ament_cmake/cmake)
[0.622s] -- Found Python3: /usr/bin/python3 (found version "3.10.12") found components: Interpreter 
[0.744s] -- Configuring done
[0.748s] -- Generating done
[0.749s] -- Build files have been written to: /home/lacina/Last_ros/build/my_robot_controller
[0.754s] Invoked command in '/home/lacina/Last_ros/build/my_robot_controller' returned '0': CMAKE_PREFIX_PATH=${CMAKE_PREFIX_PATH}:/opt/ros/humble /usr/bin/cmake /home/lacina/Last_ros/src/my_robot_controller -DCMAKE_INSTALL_PREFIX=/home/lacina/Last_ros/install/my_robot_controller
[0.756s] Invoking command in '/home/lacina/Last_ros/build/my_robot_controller': CMAKE_PREFIX_PATH=${CMAKE_PREFIX_PATH}:/opt/ros/humble /usr/bin/cmake --build /home/lacina/Last_ros/build/my_robot_controller -- -j2 -l2
[0.794s] Invoked command in '/home/lacina/Last_ros/build/my_robot_controller' returned '0': CMAKE_PREFIX_PATH=${CMAKE_PREFIX_PATH}:/opt/ros/humble /usr/bin/cmake --build /home/lacina/Last_ros/build/my_robot_controller -- -j2 -l2
[0.804s] Invoking command in '/home/lacina/Last_ros/build/my_robot_controller': CMAKE_PREFIX_PATH=${CMAKE_PREFIX_PATH}:/opt/ros/humble /usr/bin/cmake --install /home/lacina/Last_ros/build/my_robot_controller
[0.812s] -- Install configuration: ""
[0.812s] -- Installing: /home/lacina/Last_ros/install/my_robot_controller/share/my_robot_controller/description
[0.812s] -- Installing: /home/lacina/Last_ros/install/my_robot_controller/share/my_robot_controller/description/robot.urdf.xacro
[0.812s] -- Installing: /home/lacina/Last_ros/install/my_robot_controller/share/my_robot_controller/launch
[0.812s] -- Installing: /home/lacina/Last_ros/install/my_robot_controller/share/my_robot_controller/launch/launch_navigation.launch.py
[0.812s] -- Installing: /home/lacina/Last_ros/install/my_robot_controller/share/my_robot_controller/launch/launch_sim.launch.py
[0.814s] -- Installing: /home/lacina/Last_ros/install/my_robot_controller/share/my_robot_controller/launch/launch_slam.launch.py
[0.814s] -- Installing: /home/lacina/Last_ros/install/my_robot_controller/share/my_robot_controller/config
[0.815s] -- Installing: /home/lacina/Last_ros/install/my_robot_controller/share/my_robot_controller/config/my_controllers.yaml
[0.815s] -- Installing: /home/lacina/Last_ros/install/my_robot_controller/share/my_robot_controller/config/mapper_params_online_async.yaml
[0.815s] -- Installing: /home/lacina/Last_ros/install/my_robot_controller/share/my_robot_controller/config/nav2_params.yaml
[0.816s] -- Installing: /home/lacina/Last_ros/install/my_robot_controller/share/my_robot_controller/rviz
[0.816s] -- Installing: /home/lacina/Last_ros/install/my_robot_controller/share/my_robot_controller/rviz/slam_view.rviz
[0.816s] -- Installing: /home/lacina/Last_ros/install/my_robot_controller/share/my_robot_controller/rviz/robot_view.rviz
[0.816s] -- Installing: /home/lacina/Last_ros/install/my_robot_controller/share/my_robot_controller/rviz/nav2_view.rviz
[0.816s] -- Installing: /home/lacina/Last_ros/install/my_robot_controller/share/my_robot_controller/web_interface
[0.816s] -- Installing: /home/lacina/Last_ros/install/my_robot_controller/share/my_robot_controller/web_interface/templates
[0.816s] -- Installing: /home/lacina/Last_ros/install/my_robot_controller/share/my_robot_controller/web_interface/templates/control_interface.html
[0.817s] -- Installing: /home/lacina/Last_ros/install/my_robot_controller/share/my_robot_controller/web_interface/static
[0.817s] -- Installing: /home/lacina/Last_ros/install/my_robot_controller/share/my_robot_controller/web_interface/web_control_interface.py
[0.819s] -- Installing: /home/lacina/Last_ros/install/my_robot_controller/share/my_robot_controller/worlds
[0.819s] -- Installing: /home/lacina/Last_ros/install/my_robot_controller/share/my_robot_controller/worlds/hospital_world.world
[0.820s] -- Installing: /home/lacina/Last_ros/install/my_robot_controller/share/my_robot_controller/scripts
[0.820s] -- Installing: /home/lacina/Last_ros/install/my_robot_controller/share/my_robot_controller/scripts/save_map.sh
[0.820s] -- Installing: /home/lacina/Last_ros/install/my_robot_controller/lib/my_robot_controller/web_control_interface.py
[0.820s] -- Installing: /home/lacina/Last_ros/install/my_robot_controller/lib/my_robot_controller/save_map.sh
[0.820s] -- Installing: /home/lacina/Last_ros/install/my_robot_controller/share/ament_index/resource_index/package_run_dependencies/my_robot_controller
[0.820s] -- Installing: /home/lacina/Last_ros/install/my_robot_controller/share/ament_index/resource_index/parent_prefix_path/my_robot_controller
[0.820s] -- Installing: /home/lacina/Last_ros/install/my_robot_controller/share/my_robot_controller/environment/ament_prefix_path.sh
[0.820s] -- Installing: /home/lacina/Last_ros/install/my_robot_controller/share/my_robot_controller/environment/ament_prefix_path.dsv
[0.820s] -- Installing: /home/lacina/Last_ros/install/my_robot_controller/share/my_robot_controller/environment/path.sh
[0.820s] -- Installing: /home/lacina/Last_ros/install/my_robot_controller/share/my_robot_controller/environment/path.dsv
[0.821s] -- Installing: /home/lacina/Last_ros/install/my_robot_controller/share/my_robot_controller/local_setup.bash
[0.821s] -- Installing: /home/lacina/Last_ros/install/my_robot_controller/share/my_robot_controller/local_setup.sh
[0.821s] -- Installing: /home/lacina/Last_ros/install/my_robot_controller/share/my_robot_controller/local_setup.zsh
[0.821s] -- Installing: /home/lacina/Last_ros/install/my_robot_controller/share/my_robot_controller/local_setup.dsv
[0.821s] -- Installing: /home/lacina/Last_ros/install/my_robot_controller/share/my_robot_controller/package.dsv
[0.821s] -- Installing: /home/lacina/Last_ros/install/my_robot_controller/share/ament_index/resource_index/packages/my_robot_controller
[0.821s] -- Installing: /home/lacina/Last_ros/install/my_robot_controller/share/my_robot_controller/cmake/my_robot_controllerConfig.cmake
[0.821s] -- Installing: /home/lacina/Last_ros/install/my_robot_controller/share/my_robot_controller/cmake/my_robot_controllerConfig-version.cmake
[0.821s] -- Installing: /home/lacina/Last_ros/install/my_robot_controller/share/my_robot_controller/package.xml
[0.823s] Invoked command in '/home/lacina/Last_ros/build/my_robot_controller' returned '0': CMAKE_PREFIX_PATH=${CMAKE_PREFIX_PATH}:/opt/ros/humble /usr/bin/cmake --install /home/lacina/Last_ros/build/my_robot_controller
